mode: set
s3-uploader/internal/fileutils/scanner.go:18.34,20.2 1 1
s3-uploader/internal/fileutils/scanner.go:28.60,32.2 1 1
s3-uploader/internal/fileutils/scanner.go:35.60,38.45 2 1
s3-uploader/internal/fileutils/scanner.go:38.45,40.63 1 1
s3-uploader/internal/fileutils/scanner.go:40.63,42.4 1 1
s3-uploader/internal/fileutils/scanner.go:44.3,44.42 1 1
s3-uploader/internal/fileutils/scanner.go:44.42,46.4 1 1
s3-uploader/internal/fileutils/scanner.go:49.2,49.14 1 1
s3-uploader/internal/fileutils/scanner.go:53.92,56.16 2 1
s3-uploader/internal/fileutils/scanner.go:56.16,58.3 1 1
s3-uploader/internal/fileutils/scanner.go:59.2,59.19 1 1
s3-uploader/internal/fileutils/scanner.go:59.19,61.3 1 1
s3-uploader/internal/fileutils/scanner.go:64.2,65.16 2 1
s3-uploader/internal/fileutils/scanner.go:65.16,67.3 1 0
s3-uploader/internal/fileutils/scanner.go:69.2,71.15 2 1
s3-uploader/internal/fileutils/scanner.go:71.15,73.84 1 1
s3-uploader/internal/fileutils/scanner.go:73.84,74.18 1 1
s3-uploader/internal/fileutils/scanner.go:74.18,78.5 1 0
s3-uploader/internal/fileutils/scanner.go:81.4,81.17 1 1
s3-uploader/internal/fileutils/scanner.go:81.17,83.49 1 1
s3-uploader/internal/fileutils/scanner.go:83.49,85.6 1 1
s3-uploader/internal/fileutils/scanner.go:86.5,86.15 1 1
s3-uploader/internal/fileutils/scanner.go:90.4,90.30 1 1
s3-uploader/internal/fileutils/scanner.go:90.30,92.5 1 1
s3-uploader/internal/fileutils/scanner.go:95.4,96.18 2 1
s3-uploader/internal/fileutils/scanner.go:96.18,99.5 1 0
s3-uploader/internal/fileutils/scanner.go:102.4,103.18 2 1
s3-uploader/internal/fileutils/scanner.go:103.18,105.5 1 0
s3-uploader/internal/fileutils/scanner.go:107.4,113.14 2 1
s3-uploader/internal/fileutils/scanner.go:116.3,116.17 1 1
s3-uploader/internal/fileutils/scanner.go:116.17,118.4 1 0
s3-uploader/internal/fileutils/scanner.go:119.8,122.17 2 1
s3-uploader/internal/fileutils/scanner.go:122.17,124.4 1 0
s3-uploader/internal/fileutils/scanner.go:126.3,126.33 1 1
s3-uploader/internal/fileutils/scanner.go:126.33,128.21 1 1
s3-uploader/internal/fileutils/scanner.go:128.21,129.13 1 1
s3-uploader/internal/fileutils/scanner.go:132.4,135.30 2 1
s3-uploader/internal/fileutils/scanner.go:135.30,136.13 1 0
s3-uploader/internal/fileutils/scanner.go:140.4,141.18 2 1
s3-uploader/internal/fileutils/scanner.go:141.18,143.13 1 0
s3-uploader/internal/fileutils/scanner.go:146.4,150.6 1 1
s3-uploader/internal/fileutils/scanner.go:154.2,154.23 1 1
s3-uploader/internal/fileutils/scanner.go:158.72,160.16 2 1
s3-uploader/internal/fileutils/scanner.go:160.16,162.3 1 1
s3-uploader/internal/fileutils/scanner.go:164.2,164.18 1 1
s3-uploader/internal/fileutils/scanner.go:164.18,166.3 1 1
s3-uploader/internal/fileutils/scanner.go:168.2,169.16 2 1
s3-uploader/internal/fileutils/scanner.go:169.16,171.3 1 0
s3-uploader/internal/fileutils/scanner.go:173.2,177.8 1 1
